[debug] [2020-09-28T08:03:33.877Z] ----------------------------------------------------------------------
[debug] [2020-09-28T08:03:33.879Z] Command:       /Users/deny7ko/.nvm/versions/node/v12.18.2/bin/node /Users/deny7ko/.nvm/versions/node/v12.18.2/bin/firebase serve
[debug] [2020-09-28T08:03:33.879Z] CLI Version:   8.11.2
[debug] [2020-09-28T08:03:33.879Z] Platform:      darwin
[debug] [2020-09-28T08:03:33.879Z] Node Version:  v12.18.2
[debug] [2020-09-28T08:03:33.887Z] Time:          Mon Sep 28 2020 11:03:33 GMT+0300 (Eastern European Summer Time)
[debug] [2020-09-28T08:03:33.888Z] ----------------------------------------------------------------------
[debug] [2020-09-28T08:03:33.888Z] 
[debug] [2020-09-28T08:03:33.896Z] > command requires scopes: ["email","openid","https://www.googleapis.com/auth/cloudplatformprojects.readonly","https://www.googleapis.com/auth/firebase","https://www.googleapis.com/auth/cloud-platform"]
[debug] [2020-09-28T08:03:33.896Z] > authorizing via signed-in user
[debug] [2020-09-28T08:03:33.897Z] [iam] checking project make-and-save-c1e7a for permissions ["firebase.projects.get"]
[debug] [2020-09-28T08:03:33.912Z] >>> HTTP REQUEST POST https://cloudresourcemanager.googleapis.com/v1/projects/make-and-save-c1e7a:testIamPermissions  
 {"permissions":["firebase.projects.get"]}
[debug] [2020-09-28T08:03:34.793Z] <<< HTTP RESPONSE 200 {"content-type":"application/json; charset=UTF-8","vary":"X-Origin, Referer, Origin,Accept-Encoding","date":"Mon, 28 Sep 2020 08:03:34 GMT","server":"ESF","cache-control":"private","x-xss-protection":"0","x-frame-options":"SAMEORIGIN","x-content-type-options":"nosniff","server-timing":"gfet4t7; dur=709","alt-svc":"h3-Q050=\":443\"; ma=2592000,h3-29=\":443\"; ma=2592000,h3-27=\":443\"; ma=2592000,h3-T051=\":443\"; ma=2592000,h3-T050=\":443\"; ma=2592000,h3-Q046=\":443\"; ma=2592000,h3-Q043=\":443\"; ma=2592000,quic=\":443\"; ma=2592000; v=\"46,43\"","accept-ranges":"none","transfer-encoding":"chunked"}
[debug] [2020-09-28T08:03:34.795Z] >>> HTTP REQUEST GET https://firebase.googleapis.com/v1beta1/projects/make-and-save-c1e7a  
 
[debug] [2020-09-28T08:03:35.013Z] <<< HTTP RESPONSE 200 {"content-type":"application/json; charset=UTF-8","vary":"X-Origin, Referer, Origin,Accept-Encoding","date":"Mon, 28 Sep 2020 08:03:35 GMT","server":"ESF","cache-control":"private","x-xss-protection":"0","x-frame-options":"SAMEORIGIN","x-content-type-options":"nosniff","alt-svc":"h3-Q050=\":443\"; ma=2592000,h3-29=\":443\"; ma=2592000,h3-27=\":443\"; ma=2592000,h3-T051=\":443\"; ma=2592000,h3-T050=\":443\"; ma=2592000,h3-Q046=\":443\"; ma=2592000,h3-Q043=\":443\"; ma=2592000,quic=\":443\"; ma=2592000; v=\"46,43\"","accept-ranges":"none","transfer-encoding":"chunked"}
[info] 
[info] === Serving from '/Users/deny7ko/projects/Make_and_Save'...
[info] 
[warn] ⚠  Your requested "node" version "8" doesn't match your global version "12" {"metadata":{"emulator":{"name":"functions"},"message":"Your requested \"node\" version \"8\" doesn't match your global version \"12\""}}
[debug] [2020-09-28T08:03:35.032Z] defaultcredentials: writing to file /Users/deny7ko/.config/firebase/denys_medynskyi_gmail.com_application_default_credentials.json
[debug] [2020-09-28T08:03:35.036Z] Setting GAC to /Users/deny7ko/.config/firebase/denys_medynskyi_gmail.com_application_default_credentials.json {"metadata":{"emulator":{"name":"functions"},"message":"Setting GAC to /Users/deny7ko/.config/firebase/denys_medynskyi_gmail.com_application_default_credentials.json"}}
[info] i  functions: Watching "/Users/deny7ko/projects/Make_and_Save/functions" for Cloud Functions... {"metadata":{"emulator":{"name":"functions"},"message":"Watching \"/Users/deny7ko/projects/Make_and_Save/functions\" for Cloud Functions..."}}
[debug] [2020-09-28T08:03:35.058Z] [worker-pool] addWorker(~diagnostic~) {"metadata":{"emulator":{"name":"functions"},"message":"[worker-pool] addWorker(~diagnostic~)"}}
[debug] [2020-09-28T08:03:35.059Z] [worker-pool] Adding worker with key ~diagnostic~, total=1 {"metadata":{"emulator":{"name":"functions"},"message":"[worker-pool] Adding worker with key ~diagnostic~, total=1"}}
[debug] [2020-09-28T08:03:35.059Z] [worker-pool] submitWork(triggerId=) {"metadata":{"emulator":{"name":"functions"},"message":"[worker-pool] submitWork(triggerId=)"}}
[debug] [2020-09-28T08:03:35.059Z] [worker-~diagnostic~-dcb57154-730b-44f7-8340-fd621def29dc]: Assigning socketPath: /var/folders/lc/dkh_94vd5516zkrs4t_drdtr0000gn/T/fire_emu_6207.sock {"metadata":{"emulator":{"name":"functions"},"message":"[worker-~diagnostic~-dcb57154-730b-44f7-8340-fd621def29dc]: Assigning socketPath: /var/folders/lc/dkh_94vd5516zkrs4t_drdtr0000gn/T/fire_emu_6207.sock"}}
[debug] [2020-09-28T08:03:35.060Z] [worker-~diagnostic~-dcb57154-730b-44f7-8340-fd621def29dc]: BUSY {"metadata":{"emulator":{"name":"functions"},"message":"[worker-~diagnostic~-dcb57154-730b-44f7-8340-fd621def29dc]: BUSY"}}
[debug] [2020-09-28T08:03:35.504Z] [runtime-status] [6207] Functions runtime initialized. {"cwd":"/Users/deny7ko/projects/Make_and_Save/functions","node_version":"12.18.2"} {"metadata":{"emulator":{"name":"functions"},"message":"[runtime-status] [6207] Functions runtime initialized. {\"cwd\":\"/Users/deny7ko/projects/Make_and_Save/functions\",\"node_version\":\"12.18.2\"}"}}
[debug] [2020-09-28T08:03:35.510Z] [runtime-status] [6207] Disabled runtime features: undefined {"metadata":{"emulator":{"name":"functions"},"message":"[runtime-status] [6207] Disabled runtime features: undefined"}}
[debug] [2020-09-28T08:03:35.516Z] [runtime-status] [6207] Resolved module firebase-admin {"declared":true,"installed":true,"version":"8.13.0","resolution":"/Users/deny7ko/projects/Make_and_Save/functions/node_modules/firebase-admin/lib/index.js"} {"metadata":{"emulator":{"name":"functions"},"message":"[runtime-status] [6207] Resolved module firebase-admin {\"declared\":true,\"installed\":true,\"version\":\"8.13.0\",\"resolution\":\"/Users/deny7ko/projects/Make_and_Save/functions/node_modules/firebase-admin/lib/index.js\"}"}}
[debug] [2020-09-28T08:03:35.521Z] [runtime-status] [6207] Resolved module firebase-functions {"declared":true,"installed":true,"version":"3.11.0","resolution":"/Users/deny7ko/projects/Make_and_Save/functions/node_modules/firebase-functions/lib/index.js"} {"metadata":{"emulator":{"name":"functions"},"message":"[runtime-status] [6207] Resolved module firebase-functions {\"declared\":true,\"installed\":true,\"version\":\"3.11.0\",\"resolution\":\"/Users/deny7ko/projects/Make_and_Save/functions/node_modules/firebase-functions/lib/index.js\"}"}}
[debug] [2020-09-28T08:03:35.522Z] [runtime-status] [6207] Resolved module firebase-functions {"declared":true,"installed":true,"version":"3.11.0","resolution":"/Users/deny7ko/projects/Make_and_Save/functions/node_modules/firebase-functions/lib/index.js"} {"metadata":{"emulator":{"name":"functions"},"message":"[runtime-status] [6207] Resolved module firebase-functions {\"declared\":true,\"installed\":true,\"version\":\"3.11.0\",\"resolution\":\"/Users/deny7ko/projects/Make_and_Save/functions/node_modules/firebase-functions/lib/index.js\"}"}}
[debug] [2020-09-28T08:03:35.529Z] [runtime-status] [6207] Outgoing network have been stubbed. [{"name":"http","status":"mocked"},{"name":"http","status":"mocked"},{"name":"https","status":"mocked"},{"name":"https","status":"mocked"},{"name":"net","status":"mocked"}] {"metadata":{"emulator":{"name":"functions"},"message":"[runtime-status] [6207] Outgoing network have been stubbed. [{\"name\":\"http\",\"status\":\"mocked\"},{\"name\":\"http\",\"status\":\"mocked\"},{\"name\":\"https\",\"status\":\"mocked\"},{\"name\":\"https\",\"status\":\"mocked\"},{\"name\":\"net\",\"status\":\"mocked\"}]"}}
[debug] [2020-09-28T08:03:35.530Z] [runtime-status] [6207] Resolved module firebase-functions {"declared":true,"installed":true,"version":"3.11.0","resolution":"/Users/deny7ko/projects/Make_and_Save/functions/node_modules/firebase-functions/lib/index.js"} {"metadata":{"emulator":{"name":"functions"},"message":"[runtime-status] [6207] Resolved module firebase-functions {\"declared\":true,\"installed\":true,\"version\":\"3.11.0\",\"resolution\":\"/Users/deny7ko/projects/Make_and_Save/functions/node_modules/firebase-functions/lib/index.js\"}"}}
[debug] [2020-09-28T08:03:35.588Z] [runtime-status] [6207] Checked functions.config() {"config":{}} {"metadata":{"emulator":{"name":"functions"},"message":"[runtime-status] [6207] Checked functions.config() {\"config\":{}}"}}
[debug] [2020-09-28T08:03:35.588Z] [runtime-status] [6207] firebase-functions has been stubbed. {"functionsResolution":{"declared":true,"installed":true,"version":"3.11.0","resolution":"/Users/deny7ko/projects/Make_and_Save/functions/node_modules/firebase-functions/lib/index.js"}} {"metadata":{"emulator":{"name":"functions"},"message":"[runtime-status] [6207] firebase-functions has been stubbed. {\"functionsResolution\":{\"declared\":true,\"installed\":true,\"version\":\"3.11.0\",\"resolution\":\"/Users/deny7ko/projects/Make_and_Save/functions/node_modules/firebase-functions/lib/index.js\"}}"}}
[debug] [2020-09-28T08:03:35.589Z] [runtime-status] [6207] Resolved module firebase-functions {"declared":true,"installed":true,"version":"3.11.0","resolution":"/Users/deny7ko/projects/Make_and_Save/functions/node_modules/firebase-functions/lib/index.js"} {"metadata":{"emulator":{"name":"functions"},"message":"[runtime-status] [6207] Resolved module firebase-functions {\"declared\":true,\"installed\":true,\"version\":\"3.11.0\",\"resolution\":\"/Users/deny7ko/projects/Make_and_Save/functions/node_modules/firebase-functions/lib/index.js\"}"}}
[debug] [2020-09-28T08:03:35.592Z] [runtime-status] [6207] Resolved module firebase-admin {"declared":true,"installed":true,"version":"8.13.0","resolution":"/Users/deny7ko/projects/Make_and_Save/functions/node_modules/firebase-admin/lib/index.js"} {"metadata":{"emulator":{"name":"functions"},"message":"[runtime-status] [6207] Resolved module firebase-admin {\"declared\":true,\"installed\":true,\"version\":\"8.13.0\",\"resolution\":\"/Users/deny7ko/projects/Make_and_Save/functions/node_modules/firebase-admin/lib/index.js\"}"}}
[debug] [2020-09-28T08:03:35.594Z] [runtime-status] [6207] Resolved module firebase-functions {"declared":true,"installed":true,"version":"3.11.0","resolution":"/Users/deny7ko/projects/Make_and_Save/functions/node_modules/firebase-functions/lib/index.js"} {"metadata":{"emulator":{"name":"functions"},"message":"[runtime-status] [6207] Resolved module firebase-functions {\"declared\":true,\"installed\":true,\"version\":\"3.11.0\",\"resolution\":\"/Users/deny7ko/projects/Make_and_Save/functions/node_modules/firebase-functions/lib/index.js\"}"}}
[debug] [2020-09-28T08:03:35.596Z] [runtime-status] [6207] firebase-admin has been stubbed. {"adminResolution":{"declared":true,"installed":true,"version":"8.13.0","resolution":"/Users/deny7ko/projects/Make_and_Save/functions/node_modules/firebase-admin/lib/index.js"}} {"metadata":{"emulator":{"name":"functions"},"message":"[runtime-status] [6207] firebase-admin has been stubbed. {\"adminResolution\":{\"declared\":true,\"installed\":true,\"version\":\"8.13.0\",\"resolution\":\"/Users/deny7ko/projects/Make_and_Save/functions/node_modules/firebase-admin/lib/index.js\"}}"}}
[debug] [2020-09-28T08:03:35.771Z] [runtime-status] [6207] initializeApp(DEFAULT) {"databaseURL":"https://make-and-save-c1e7a.firebaseio.com","storageBucket":"make-and-save-c1e7a.appspot.com","projectId":"make-and-save-c1e7a"} {"metadata":{"emulator":{"name":"functions"},"message":"[runtime-status] [6207] initializeApp(DEFAULT) {\"databaseURL\":\"https://make-and-save-c1e7a.firebaseio.com\",\"storageBucket\":\"make-and-save-c1e7a.appspot.com\",\"projectId\":\"make-and-save-c1e7a\"}"}}
[warn] ⚠  functions: The Cloud Firestore emulator is not running, so calls to Firestore will affect production. {"metadata":{"emulator":{"name":"functions"},"message":"The Cloud Firestore emulator is not running, so calls to Firestore will affect production."}}
[info] ✔  functions[api]: http function initialized (http://localhost:5000/make-and-save-c1e7a/us-central1/api). {"metadata":{"emulator":{"name":"functions"},"message":"\u001b[1mhttp\u001b[22m function initialized (http://localhost:5000/make-and-save-c1e7a/us-central1/api)."}}
[debug] [2020-09-28T08:03:36.582Z] [worker-~diagnostic~-dcb57154-730b-44f7-8340-fd621def29dc]: IDLE {"metadata":{"emulator":{"name":"functions"},"message":"[worker-~diagnostic~-dcb57154-730b-44f7-8340-fd621def29dc]: IDLE"}}
